<?xml version="1.0" encoding="UTF-8"?>
<testsuite xmlns:xsi="http://www.w3.org/2001/XMLSchema-instance" xsi:noNamespaceSchemaLocation="https://maven.apache.org/surefire/maven-surefire-plugin/xsd/surefire-test-report.xsd" name="TestSuite" time="28.568" tests="2" errors="0" skipped="0" failures="1">
  <properties>
[...]
</properties>
  <testcase name="OutStorePromoSearch" classname="Transaction.OutStore_Tenant" time="15.935"/>
  <testcase name="outStoreCekData" classname="Transaction.OutStore_Tenant" time="1.117">
    <failure message="element click intercepted: Element &lt;a href=&quot;#&quot;&gt;...&lt;/a&gt; is not clickable at point (115, 152). Other element would receive the click: &lt;div class=&quot;col-sm-12&quot;&gt;...&lt;/div&gt;&#10;  (Session info: chrome=96.0.4664.110)&#10;Build info: version: &apos;4.1.2&apos;, revision: &apos;9a5a329c5a&apos;&#10;System info: host: &apos;DESKTOP-K5O4J25&apos;, ip: &apos;10.4.7.198&apos;, os.name: &apos;Windows 10&apos;, os.arch: &apos;amd64&apos;, os.version: &apos;10.0&apos;, java.version: &apos;1.8.0_111&apos;&#10;Driver info: org.openqa.selenium.chrome.ChromeDriver&#10;Command: [708907e84f59205b6f58388f33a336ee, clickElement {id=61017ef0-5892-41de-9f87-e15744ad6d92}]&#10;Capabilities {acceptInsecureCerts: false, browserName: chrome, browserVersion: 96.0.4664.110, chrome: {chromedriverVersion: 96.0.4664.45 (76e4c1bb2ab46..., userDataDir: C:\Users\Wahyu\AppData\Loca...}, goog:chromeOptions: {debuggerAddress: localhost:52716}, javascriptEnabled: true, networkConnectionEnabled: false, pageLoadStrategy: normal, platform: WINDOWS, platformName: WINDOWS, proxy: Proxy(), se:cdp: ws://localhost:52716/devtoo..., se:cdpVersion: 96.0.4664.110, setWindowRect: true, strictFileInteractability: false, timeouts: {implicit: 0, pageLoad: 300000, script: 30000}, unhandledPromptBehavior: dismiss and notify, webauthn:extension:credBlob: true, webauthn:extension:largeBlob: true, webauthn:virtualAuthenticators: true}&#10;Element: [[ChromeDriver: chrome on WINDOWS (708907e84f59205b6f58388f33a336ee)] -&gt; link text: Transaction]&#10;Session ID: 708907e84f59205b6f58388f33a336ee" type="org.openqa.selenium.ElementClickInterceptedException"><![CDATA[org.openqa.selenium.ElementClickInterceptedException: 
element click intercepted: Element <a href="#">...</a> is not clickable at point (115, 152). Other element would receive the click: <div class="col-sm-12">...</div>
  (Session info: chrome=96.0.4664.110)
Build info: version: '4.1.2', revision: '9a5a329c5a'
System info: host: 'DESKTOP-K5O4J25', ip: '10.4.7.198', os.name: 'Windows 10', os.arch: 'amd64', os.version: '10.0', java.version: '1.8.0_111'
Driver info: org.openqa.selenium.chrome.ChromeDriver
Command: [708907e84f59205b6f58388f33a336ee, clickElement {id=61017ef0-5892-41de-9f87-e15744ad6d92}]
Capabilities {acceptInsecureCerts: false, browserName: chrome, browserVersion: 96.0.4664.110, chrome: {chromedriverVersion: 96.0.4664.45 (76e4c1bb2ab46..., userDataDir: C:\Users\Wahyu\AppData\Loca...}, goog:chromeOptions: {debuggerAddress: localhost:52716}, javascriptEnabled: true, networkConnectionEnabled: false, pageLoadStrategy: normal, platform: WINDOWS, platformName: WINDOWS, proxy: Proxy(), se:cdp: ws://localhost:52716/devtoo..., se:cdpVersion: 96.0.4664.110, setWindowRect: true, strictFileInteractability: false, timeouts: {implicit: 0, pageLoad: 300000, script: 30000}, unhandledPromptBehavior: dismiss and notify, webauthn:extension:credBlob: true, webauthn:extension:largeBlob: true, webauthn:virtualAuthenticators: true}
Element: [[ChromeDriver: chrome on WINDOWS (708907e84f59205b6f58388f33a336ee)] -> link text: Transaction]
Session ID: 708907e84f59205b6f58388f33a336ee
	at Transaction.OutStore_Tenant.outStoreCekData(OutStore_Tenant.java:62)
]]></failure>
  </testcase>
</testsuite>