<?xml version="1.0" encoding="UTF-8"?>
<testng-results skipped="0" failed="0" ignored="0" total="0" passed="0">
  <reporter-output>
  </reporter-output>
  <suite name="All Test Suite" duration-ms="14" started-at="2022-08-08T07:47:01Z" finished-at="2022-08-08T07:47:01Z">
    <groups>
    </groups>
    <test name="C:/Users/Wahyu/IdeaProjects/PMAS" duration-ms="14" started-at="2022-08-08T07:47:01Z" finished-at="2022-08-08T07:47:01Z">
    </test> <!-- C:/Users/Wahyu/IdeaProjects/PMAS -->
  </suite> <!-- All Test Suite -->
</testng-results>
